<?xml version="1.0" encoding="UTF-8"?>
<!-- Generated by org.testng.reporters.JUnitReportReporter -->
<testsuite skipped="0" hostname="DESKTOP-PHF47C1" name="TestCases.Logout" tests="1" failures="0" timestamp="2020-12-15T22:45:40 IST" time="0.811" errors="0">
  <testcase name="LogoutTestCase" time="0.811" classname="TestCases.Logout"/>
</testsuite> <!-- TestCases.Logout -->
