<?xml version="1.0" encoding="UTF-8"?>
<!-- Generated by org.testng.reporters.JUnitReportReporter -->
<testsuite skipped="0" hostname="DESKTOP-PHF47C1" name="TestCases.Registrationtest" tests="1" failures="0" timestamp="2020-02-16T13:33:26 IST" time="44.761" errors="0">
  <testcase name="Registrationtestcase" time="44.761" classname="TestCases.Registrationtest"/>
</testsuite> <!-- TestCases.Registrationtest -->
