<?xml version="1.0" encoding="UTF-8"?>
<!-- Generated by org.testng.reporters.JUnitReportReporter -->
<testsuite skipped="0" hostname="DESKTOP-PHF47C1" name="TestCases.Logintest" tests="1" failures="0" timestamp="2020-12-16T12:25:51 IST" time="26.835" errors="0">
  <testcase name="logintestcase" time="26.835" classname="TestCases.Logintest"/>
</testsuite> <!-- TestCases.Logintest -->
