<?xml version="1.0" encoding="UTF-8"?>
<!-- Generated by org.testng.reporters.JUnitReportReporter -->
<testsuite skipped="0" hostname="DESKTOP-PHF47C1" name="TestCases.Logout" tests="1" failures="0" timestamp="2020-12-08T15:29:49 IST" time="0.518" errors="0">
  <testcase name="LogoutTestCase" time="0.518" classname="TestCases.Logout"/>
</testsuite> <!-- TestCases.Logout -->
