<?xml version="1.0" encoding="UTF-8"?>
<!-- Generated by org.testng.reporters.JUnitReportReporter -->
<testsuite skipped="0" hostname="DESKTOP-PHF47C1" name="TestCases.Logintest" tests="1" failures="0" timestamp="2021-05-03T21:50:33 IST" time="44.417" errors="0">
  <testcase name="logintestcase" time="44.417" classname="TestCases.Logintest"/>
</testsuite> <!-- TestCases.Logintest -->
