<?xml version="1.0" encoding="UTF-8"?>
<!-- Generated by org.testng.reporters.JUnitReportReporter -->
<testsuite skipped="0" hostname="DESKTOP-PHF47C1" name="TestCases.Logout" tests="1" failures="0" timestamp="2020-12-02T09:57:21 IST" time="0.525" errors="0">
  <testcase name="LogoutTestCase" time="0.525" classname="TestCases.Logout"/>
</testsuite> <!-- TestCases.Logout -->
