<?xml version="1.0" encoding="UTF-8"?>
<!-- Generated by org.testng.reporters.JUnitReportReporter -->
<testsuite skipped="0" hostname="DESKTOP-PHF47C1" name="TestCases.AddCartTest" tests="1" failures="0" timestamp="2020-12-15T22:45:40 IST" time="85.964" errors="0">
  <testcase name="AddCartTestCase" time="85.964" classname="TestCases.AddCartTest"/>
</testsuite> <!-- TestCases.AddCartTest -->
