<?xml version="1.0" encoding="UTF-8"?>
<!-- Generated by org.testng.reporters.JUnitReportReporter -->
<testsuite skipped="0" hostname="DESKTOP-PHF47C1" name="TestCases.Logout" tests="1" failures="0" timestamp="2021-05-03T21:50:33 IST" time="8.814" errors="0">
  <testcase name="LogoutTestCase" time="8.814" classname="TestCases.Logout"/>
</testsuite> <!-- TestCases.Logout -->
