<?xml version="1.0" encoding="UTF-8"?>
<!-- Generated by org.testng.reporters.JUnitReportReporter -->
<testsuite skipped="0" hostname="DESKTOP-PHF47C1" name="TestCases.Logintest" tests="1" failures="0" timestamp="2020-06-12T12:20:20 IST" time="27.533" errors="0">
  <testcase name="logintestcase" time="27.533" classname="TestCases.Logintest"/>
</testsuite> <!-- TestCases.Logintest -->
